Using pre-set license
Built from '2020.3/staging' branch; Version is '2020.3.5f1 (8095aa901b9b) revision 8426922'; Using compiler version '192528614'; Build Type 'Release'
OS: 'Windows 10 Education; OS build 19044.1288; Version 2009; 64bit' Language: 'en' Physical Memory: 32617 MB
BatchMode: 1, IsHumanControllingUs: 0, StartBugReporterOnCrash: 0, Is64bit: 1, IsPro: 0

 COMMAND LINE ARGUMENTS:
C:\Program Files\Unity\Hub\Editor\2020.3.5f1\Editor\Unity.exe
-adb2
-batchMode
-noUpm
-name
AssetImportWorker0
-projectPath
C:/Users/adam.schmidt/Documents/MyNewProject2/My project
-logFile
Logs/AssetImportWorker0.log
-srvPort
54268
Successfully changed project path to: C:/Users/adam.schmidt/Documents/MyNewProject2/My project
C:/Users/adam.schmidt/Documents/MyNewProject2/My project
Using Asset Import Pipeline V2.
Refreshing native plugins compatible for Editor in 18.12 ms, found 0 plugins.
Preloading 0 native plugins for Editor in 0.00 ms.
Initialize engine version: 2020.3.5f1 (8095aa901b9b)
[Subsystems] Discovering subsystems at path C:/Program Files/Unity/Hub/Editor/2020.3.5f1/Editor/Data/Resources/UnitySubsystems
[Subsystems] Discovering subsystems at path C:/Users/adam.schmidt/Documents/MyNewProject2/My project/Assets
GfxDevice: creating device client; threaded=0
Direct3D:
    Version:  Direct3D 11.0 [level 11.1]
    Renderer: NVIDIA GeForce RTX 3060 Ti (ID=0x2489)
    Vendor:   
    VRAM:     8050 MB
    Driver:   30.0.14.9676
Initialize mono
Mono path[0] = 'C:/Program Files/Unity/Hub/Editor/2020.3.5f1/Editor/Data/Managed'
Mono path[1] = 'C:/Program Files/Unity/Hub/Editor/2020.3.5f1/Editor/Data/MonoBleedingEdge/lib/mono/unityjit'
Mono config path = 'C:/Program Files/Unity/Hub/Editor/2020.3.5f1/Editor/Data/MonoBleedingEdge/etc'
Using monoOptions --debugger-agent=transport=dt_socket,embedding=1,server=y,suspend=n,address=127.0.0.1:56516
Begin MonoManager ReloadAssembly
Registering precompiled unity dll's ...
Register platform support module: C:/Program Files/Unity/Hub/Editor/2020.3.5f1/Editor/Data/PlaybackEngines/WebGLSupport/UnityEditor.WebGL.Extensions.dll
Register platform support module: C:/Program Files/Unity/Hub/Editor/2020.3.5f1/Editor/Data/PlaybackEngines/WindowsStandaloneSupport/UnityEditor.WindowsStandalone.Extensions.dll
Registered in 0.001364 seconds.
Native extension for WindowsStandalone target not found
Native extension for WebGL target not found
Refreshing native plugins compatible for Editor in 18.55 ms, found 0 plugins.
Preloading 0 native plugins for Editor in 0.00 ms.
Mono: successfully reloaded assembly
- Completed reload, in  0.895 seconds
Platform modules already initialized, skipping
Registering precompiled user dll's ...
Registered in 0.000465 seconds.
Begin MonoManager ReloadAssembly
Native extension for WindowsStandalone target not found
Native extension for WebGL target not found
Refreshing native plugins compatible for Editor in 0.19 ms, found 0 plugins.
Preloading 0 native plugins for Editor in 0.00 ms.
Mono: successfully reloaded assembly
- Completed reload, in  0.653 seconds
Platform modules already initialized, skipping
========================================================================
Worker process is ready to serve import requests
Launched and connected shader compiler UnityShaderCompiler.exe after 0.03 seconds
Refreshing native plugins compatible for Editor in 0.60 ms, found 0 plugins.
Preloading 0 native plugins for Editor in 0.00 ms.
Unloading 1115 Unused Serialized files (Serialized files now loaded: 0)
System memory in use before: 57.3 MB.
System memory in use after: 57.4 MB.

Unloading 10 unused Assets to reduce memory usage. Loaded Objects now: 1558.
Total: 1.798400 ms (FindLiveObjects: 0.250100 ms CreateObjectMapping: 0.122500 ms MarkObjects: 1.354600 ms  DeleteObjects: 0.070100 ms)

========================================================================
Received Import Request.
  path: Assets/fire particle.png
  artifactKey: Guid(eb586326f99cdc544abc66fedeed1ddc) Importer(815301076,1909f56bfc062723c751e8b465ee728b)
Start importing Assets/fire particle.png using Guid(eb586326f99cdc544abc66fedeed1ddc) Importer(815301076,1909f56bfc062723c751e8b465ee728b)  -> (artifact id: 'f557f5ff156a4ec1852f0b9a62a64e08') in 0.099869 seconds
  Import took 0.103580 seconds .

========================================================================
Received Import Request.
  Time since last request: 8.397175 seconds.
  path: Assets/fire particle.png
  artifactKey: Guid(eb586326f99cdc544abc66fedeed1ddc) Importer(815301076,1909f56bfc062723c751e8b465ee728b)
Start importing Assets/fire particle.png using Guid(eb586326f99cdc544abc66fedeed1ddc) Importer(815301076,1909f56bfc062723c751e8b465ee728b)  -> (artifact id: '6b57b5d9382f4426ffa020fec8c1d3f6') in 0.006077 seconds
  Import took 0.008173 seconds .

========================================================================
Received Import Request.
  Time since last request: 4.174139 seconds.
  path: Assets/fire particle.png
  artifactKey: Guid(eb586326f99cdc544abc66fedeed1ddc) Importer(815301076,1909f56bfc062723c751e8b465ee728b)
Start importing Assets/fire particle.png using Guid(eb586326f99cdc544abc66fedeed1ddc) Importer(815301076,1909f56bfc062723c751e8b465ee728b)  -> (artifact id: '70803d99e201d11501dce625768e9b3a') in 0.007498 seconds
  Import took 0.009217 seconds .

========================================================================
Received Import Request.
  Time since last request: 7.568963 seconds.
  path: Assets
  artifactKey: Guid(00000000000000001000000000000000) Importer(815301076,1909f56bfc062723c751e8b465ee728b)
Start importing Assets using Guid(00000000000000001000000000000000) Importer(815301076,1909f56bfc062723c751e8b465ee728b)  -> (artifact id: 'e4856052512617ee48189cf1d7999900') in 0.004885 seconds
  Import took 0.006515 seconds .

========================================================================
Received Import Request.
  Time since last request: 13.366417 seconds.
  path: Assets/Fire Particle Material.mat
  artifactKey: Guid(28f99304f850c3949aa1b3c5c8f421e8) Importer(815301076,1909f56bfc062723c751e8b465ee728b)
Start importing Assets/Fire Particle Material.mat using Guid(28f99304f850c3949aa1b3c5c8f421e8) Importer(815301076,1909f56bfc062723c751e8b465ee728b)  -> (artifact id: '1064ec806916b3f29af26cc30b2885c9') in 0.054918 seconds
  Import took 0.056951 seconds .

========================================================================
Received Prepare
Registering precompiled user dll's ...
Registered in 0.000611 seconds.
Begin MonoManager ReloadAssembly
Native extension for WindowsStandalone target not found
Native extension for WebGL target not found
Refreshing native plugins compatible for Editor in 0.19 ms, found 0 plugins.
Preloading 0 native plugins for Editor in 0.00 ms.
Mono: successfully reloaded assembly
- Completed reload, in  0.629 seconds
Platform modules already initialized, skipping
Refreshing native plugins compatible for Editor in 0.19 ms, found 0 plugins.
Preloading 0 native plugins for Editor in 0.00 ms.
Unloading 1110 Unused Serialized files (Serialized files now loaded: 0)
System memory in use before: 60.6 MB.
System memory in use after: 60.7 MB.

Unloading 5 unused Assets to reduce memory usage. Loaded Objects now: 1602.
Total: 1.659700 ms (FindLiveObjects: 0.183100 ms CreateObjectMapping: 0.054800 ms MarkObjects: 1.377800 ms  DeleteObjects: 0.042700 ms)

========================================================================
Received Import Request.
  Time since last request: 164.845666 seconds.
  path: Assets/fire particle.png
  artifactKey: Guid(eb586326f99cdc544abc66fedeed1ddc) Importer(815301076,1909f56bfc062723c751e8b465ee728b)
Start importing Assets/fire particle.png using Guid(eb586326f99cdc544abc66fedeed1ddc) Importer(815301076,1909f56bfc062723c751e8b465ee728b)  -> (artifact id: 'de6e3f3619aa526789735d6e2fba1478') in 0.027790 seconds
  Import took 0.029663 seconds .

========================================================================
Received Import Request.
  Time since last request: 12.049068 seconds.
  path: Assets/fire particle.png
  artifactKey: Guid(eb586326f99cdc544abc66fedeed1ddc) Importer(815301076,1909f56bfc062723c751e8b465ee728b)
Start importing Assets/fire particle.png using Guid(eb586326f99cdc544abc66fedeed1ddc) Importer(815301076,1909f56bfc062723c751e8b465ee728b)  -> (artifact id: 'd1cbd6f12df152e8e7d9111e15a00c8a') in 0.007363 seconds
  Import took 0.009076 seconds .

========================================================================
Received Prepare
Registering precompiled user dll's ...
Registered in 0.000512 seconds.
Begin MonoManager ReloadAssembly
Native extension for WindowsStandalone target not found
Native extension for WebGL target not found
Refreshing native plugins compatible for Editor in 0.83 ms, found 0 plugins.
Preloading 0 native plugins for Editor in 0.00 ms.
Mono: successfully reloaded assembly
- Completed reload, in  0.652 seconds
Platform modules already initialized, skipping
Refreshing native plugins compatible for Editor in 0.59 ms, found 0 plugins.
Preloading 0 native plugins for Editor in 0.00 ms.
Unloading 1110 Unused Serialized files (Serialized files now loaded: 0)
System memory in use before: 60.6 MB.
System memory in use after: 60.7 MB.

Unloading 5 unused Assets to reduce memory usage. Loaded Objects now: 1605.
Total: 1.362200 ms (FindLiveObjects: 0.132500 ms CreateObjectMapping: 0.033300 ms MarkObjects: 1.150400 ms  DeleteObjects: 0.044800 ms)

========================================================================
Received Import Request.
  Time since last request: 997.735858 seconds.
  path: Assets/fire particle.png
  artifactKey: Guid(eb586326f99cdc544abc66fedeed1ddc) Importer(815301076,1909f56bfc062723c751e8b465ee728b)
Start importing Assets/fire particle.png using Guid(eb586326f99cdc544abc66fedeed1ddc) Importer(815301076,1909f56bfc062723c751e8b465ee728b)  -> (artifact id: '5cf20b52674cefe6f85db0edfce3a809') in 0.043431 seconds
  Import took 0.046699 seconds .

========================================================================
Received Import Request.
  Time since last request: 16.943631 seconds.
  path: Assets/fire particle.png
  artifactKey: Guid(eb586326f99cdc544abc66fedeed1ddc) Importer(815301076,1909f56bfc062723c751e8b465ee728b)
Start importing Assets/fire particle.png using Guid(eb586326f99cdc544abc66fedeed1ddc) Importer(815301076,1909f56bfc062723c751e8b465ee728b)  -> (artifact id: 'f4cb464d231b74ad0b52e811cffe885d') in 0.020205 seconds
  Import took 0.022243 seconds .

========================================================================
Received Import Request.
  Time since last request: 47.008675 seconds.
  path: Assets/Fire Material.mat
  artifactKey: Guid(e8904ce80f6270d4d837760dfb42af9e) Importer(815301076,1909f56bfc062723c751e8b465ee728b)
Start importing Assets/Fire Material.mat using Guid(e8904ce80f6270d4d837760dfb42af9e) Importer(815301076,1909f56bfc062723c751e8b465ee728b)  -> (artifact id: '2d11e36b8343c77e3a6e6b349b9c5b3b') in 0.040331 seconds
  Import took 0.042441 seconds .

========================================================================
Received Import Request.
  Time since last request: 176.132691 seconds.
  path: Assets/fire particle.png
  artifactKey: Guid(eb586326f99cdc544abc66fedeed1ddc) Importer(815301076,1909f56bfc062723c751e8b465ee728b)
Start importing Assets/fire particle.png using Guid(eb586326f99cdc544abc66fedeed1ddc) Importer(815301076,1909f56bfc062723c751e8b465ee728b)  -> (artifact id: 'b2261f4b4a0b862aca3442121df2bbae') in 0.015601 seconds
  Import took 0.018255 seconds .

========================================================================
Received Import Request.
  Time since last request: 9.198563 seconds.
  path: Assets/Fire Material.mat
  artifactKey: Guid(e8904ce80f6270d4d837760dfb42af9e) Importer(815301076,1909f56bfc062723c751e8b465ee728b)
Start importing Assets/Fire Material.mat using Guid(e8904ce80f6270d4d837760dfb42af9e) Importer(815301076,1909f56bfc062723c751e8b465ee728b)  -> (artifact id: 'd2179df90b60141fdd50eadd01d1585a') in 0.015097 seconds
  Import took 0.017740 seconds .

========================================================================
Received Import Request.
  Time since last request: 742.117599 seconds.
  path: Assets/New Piskel (5).png
  artifactKey: Guid(bc5bed5552b0bb244988bb9b088c0837) Importer(815301076,1909f56bfc062723c751e8b465ee728b)
Start importing Assets/New Piskel (5).png using Guid(bc5bed5552b0bb244988bb9b088c0837) Importer(815301076,1909f56bfc062723c751e8b465ee728b)  -> (artifact id: '465072045a5ee64b502f041f3acd4011') in 0.008814 seconds
  Import took 0.011385 seconds .

========================================================================
Received Import Request.
  Time since last request: 491.878946 seconds.
  path: Assets/New Piskel (5).png
  artifactKey: Guid(bc5bed5552b0bb244988bb9b088c0837) Importer(815301076,1909f56bfc062723c751e8b465ee728b)
Start importing Assets/New Piskel (5).png using Guid(bc5bed5552b0bb244988bb9b088c0837) Importer(815301076,1909f56bfc062723c751e8b465ee728b)  -> (artifact id: '32e9e5824dc570af0b2b7d011cb7e218') in 0.011243 seconds
  Import took 0.013343 seconds .

========================================================================
Received Import Request.
  Time since last request: 484.427620 seconds.
  path: Assets/Fire Material.mat
  artifactKey: Guid(e8904ce80f6270d4d837760dfb42af9e) Importer(815301076,1909f56bfc062723c751e8b465ee728b)
Start importing Assets/Fire Material.mat using Guid(e8904ce80f6270d4d837760dfb42af9e) Importer(815301076,1909f56bfc062723c751e8b465ee728b)  -> (artifact id: 'f0e49731f0e9420eed8c16636e6a0fd0') in 0.009808 seconds
  Import took 0.012105 seconds .

AssetImportWorkerClient::OnTransportError - code=2 error=End of file
